[INFO ][20180428 12:28:59,399][AbstractApplicationContext:510] Refreshing org.springframework.context.support.ClassPathXmlApplicationContext@2a17b7b6: startup date [Sat Apr 28 12:28:59 CST 2018]; root of context hierarchy
[INFO ][20180428 12:29:00,959][XmlBeanDefinitionReader:315] Loading XML bean definitions from class path resource [spring/spring-context.xml]
[INFO ][20180428 12:29:05,714][XmlBeanDefinitionReader:315] Loading XML bean definitions from class path resource [spring/spring-mq.xml]
[INFO ][20180428 12:29:07,002][PropertiesLoaderSupport:172] Loading properties file from class path resource [mq.properties]
[INFO ][20180428 12:29:07,371][DefaultListableBeanFactory:598] Pre-instantiating singletons in org.springframework.beans.factory.support.DefaultListableBeanFactory@3c73951: defining beans [org.springframework.context.annotation.internalConfigurationAnnotationProcessor,org.springframework.context.annotation.internalAutowiredAnnotationProcessor,org.springframework.context.annotation.internalRequiredAnnotationProcessor,org.springframework.context.annotation.internalCommonAnnotationProcessor,mqProducer,org.springframework.context.support.PropertySourcesPlaceholderConfigurer#0,org.springframework.aop.config.internalAutoProxyCreator,targetConnectionFactory,pooledConnectionFactory,connectionFactory,activeMqJmsTemplate,org.springframework.context.annotation.ConfigurationClassPostProcessor.importAwareProcessor]; root of factory hierarchy
[INFO ][20180428 12:29:17,917][SingleConnectionFactory:291] Established shared JMS Connection: PooledConnection { ConnectionPool[ActiveMQConnection {id=ID:WIN10-803191852-52719-1524889757621-1:1,clientId=null,started=false}] }
[INFO ][20180428 12:29:20,325][MQProducerTest:38] ===>System.exit
[INFO ][20180428 13:23:54,828][AbstractApplicationContext:510] Refreshing org.springframework.context.support.ClassPathXmlApplicationContext@7c53a9eb: startup date [Sat Apr 28 13:23:54 CST 2018]; root of context hierarchy
[INFO ][20180428 13:23:54,986][XmlBeanDefinitionReader:315] Loading XML bean definitions from class path resource [spring/spring-context.xml]
[INFO ][20180428 13:23:55,597][XmlBeanDefinitionReader:315] Loading XML bean definitions from class path resource [spring/spring-mq.xml]
[INFO ][20180428 13:23:55,903][PropertiesLoaderSupport:172] Loading properties file from class path resource [mq.properties]
[INFO ][20180428 13:23:55,978][DefaultListableBeanFactory:598] Pre-instantiating singletons in org.springframework.beans.factory.support.DefaultListableBeanFactory@7a765367: defining beans [org.springframework.context.annotation.internalConfigurationAnnotationProcessor,org.springframework.context.annotation.internalAutowiredAnnotationProcessor,org.springframework.context.annotation.internalRequiredAnnotationProcessor,org.springframework.context.annotation.internalCommonAnnotationProcessor,mqProducer,org.springframework.context.support.PropertySourcesPlaceholderConfigurer#0,org.springframework.aop.config.internalAutoProxyCreator,targetConnectionFactory,pooledConnectionFactory,connectionFactory,activeMqJmsTemplate,org.springframework.context.annotation.ConfigurationClassPostProcessor.importAwareProcessor]; root of factory hierarchy
[INFO ][20180428 13:23:57,098][SingleConnectionFactory:291] Established shared JMS Connection: PooledConnection { ConnectionPool[ActiveMQConnection {id=ID:WIN10-803191852-53681-1524893036662-1:1,clientId=null,started=false}] }
[INFO ][20180428 13:23:57,753][MQProducerTest:38] ===>System.exit
[INFO ][20180428 13:27:10,983][AbstractApplicationContext:510] Refreshing org.springframework.context.support.ClassPathXmlApplicationContext@7c53a9eb: startup date [Sat Apr 28 13:27:10 CST 2018]; root of context hierarchy
[INFO ][20180428 13:27:11,066][XmlBeanDefinitionReader:315] Loading XML bean definitions from class path resource [spring/spring-context.xml]
[INFO ][20180428 13:27:11,329][XmlBeanDefinitionReader:315] Loading XML bean definitions from class path resource [spring/spring-mq.xml]
[INFO ][20180428 13:27:11,499][PropertiesLoaderSupport:172] Loading properties file from class path resource [mq.properties]
[INFO ][20180428 13:27:11,552][DefaultListableBeanFactory:598] Pre-instantiating singletons in org.springframework.beans.factory.support.DefaultListableBeanFactory@7a765367: defining beans [org.springframework.context.annotation.internalConfigurationAnnotationProcessor,org.springframework.context.annotation.internalAutowiredAnnotationProcessor,org.springframework.context.annotation.internalRequiredAnnotationProcessor,org.springframework.context.annotation.internalCommonAnnotationProcessor,mqProducer,org.springframework.context.support.PropertySourcesPlaceholderConfigurer#0,org.springframework.aop.config.internalAutoProxyCreator,targetConnectionFactory,pooledConnectionFactory,connectionFactory,activeMqJmsTemplate,org.springframework.context.annotation.ConfigurationClassPostProcessor.importAwareProcessor]; root of factory hierarchy
[INFO ][20180428 13:27:11,903][SingleConnectionFactory:291] Established shared JMS Connection: PooledConnection { ConnectionPool[ActiveMQConnection {id=ID:WIN10-803191852-59066-1524893231779-1:1,clientId=null,started=false}] }
[INFO ][20180428 13:27:12,191][MQProducerTest:38] ===>System.exit
[INFO ][20180428 13:31:04,783][AbstractApplicationContext:510] Refreshing org.springframework.context.support.ClassPathXmlApplicationContext@2a17b7b6: startup date [Sat Apr 28 13:31:04 CST 2018]; root of context hierarchy
[INFO ][20180428 13:31:04,894][XmlBeanDefinitionReader:315] Loading XML bean definitions from class path resource [spring/spring-context.xml]
[INFO ][20180428 13:31:05,259][XmlBeanDefinitionReader:315] Loading XML bean definitions from class path resource [spring/spring-mq.xml]
[INFO ][20180428 13:31:05,505][PropertiesLoaderSupport:172] Loading properties file from class path resource [mq.properties]
[INFO ][20180428 13:31:05,582][DefaultListableBeanFactory:598] Pre-instantiating singletons in org.springframework.beans.factory.support.DefaultListableBeanFactory@3c73951: defining beans [org.springframework.context.annotation.internalConfigurationAnnotationProcessor,org.springframework.context.annotation.internalAutowiredAnnotationProcessor,org.springframework.context.annotation.internalRequiredAnnotationProcessor,org.springframework.context.annotation.internalCommonAnnotationProcessor,mqProducer,org.springframework.context.support.PropertySourcesPlaceholderConfigurer#0,org.springframework.aop.config.internalAutoProxyCreator,targetConnectionFactory,pooledConnectionFactory,connectionFactory,activeMqJmsTemplate,org.springframework.context.annotation.ConfigurationClassPostProcessor.importAwareProcessor]; root of factory hierarchy
[INFO ][20180428 13:31:10,728][SingleConnectionFactory:291] Established shared JMS Connection: PooledConnection { ConnectionPool[ActiveMQConnection {id=ID:WIN10-803191852-59087-1524893470595-1:1,clientId=null,started=false}] }
[INFO ][20180428 13:31:11,077][MQProducerTest:39] ===>System.exit
[INFO ][20180428 13:41:03,904][AbstractApplicationContext:510] Refreshing org.springframework.context.support.ClassPathXmlApplicationContext@7c53a9eb: startup date [Sat Apr 28 13:41:03 CST 2018]; root of context hierarchy
[INFO ][20180428 13:41:04,051][XmlBeanDefinitionReader:315] Loading XML bean definitions from class path resource [spring/spring-context.xml]
[INFO ][20180428 13:41:04,624][XmlBeanDefinitionReader:315] Loading XML bean definitions from class path resource [spring/spring-mq.xml]
[INFO ][20180428 13:41:04,922][PropertiesLoaderSupport:172] Loading properties file from class path resource [mq.properties]
[INFO ][20180428 13:41:04,989][DefaultListableBeanFactory:598] Pre-instantiating singletons in org.springframework.beans.factory.support.DefaultListableBeanFactory@7a765367: defining beans [org.springframework.context.annotation.internalConfigurationAnnotationProcessor,org.springframework.context.annotation.internalAutowiredAnnotationProcessor,org.springframework.context.annotation.internalRequiredAnnotationProcessor,org.springframework.context.annotation.internalCommonAnnotationProcessor,mqProducer,org.springframework.context.support.PropertySourcesPlaceholderConfigurer#0,org.springframework.aop.config.internalAutoProxyCreator,targetConnectionFactory,pooledConnectionFactory,connectionFactory,activeMqJmsTemplate,org.springframework.context.annotation.ConfigurationClassPostProcessor.importAwareProcessor]; root of factory hierarchy
[INFO ][20180428 13:41:05,836][SingleConnectionFactory:291] Established shared JMS Connection: PooledConnection { ConnectionPool[ActiveMQConnection {id=ID:WIN10-803191852-59604-1524894065559-1:1,clientId=null,started=false}] }
[INFO ][20180428 13:41:06,432][MQProducerTest:39] ===>System.exit
[INFO ][20180428 13:43:50,088][AbstractApplicationContext:510] Refreshing org.springframework.context.support.ClassPathXmlApplicationContext@7c53a9eb: startup date [Sat Apr 28 13:43:50 CST 2018]; root of context hierarchy
[INFO ][20180428 13:43:50,165][XmlBeanDefinitionReader:315] Loading XML bean definitions from class path resource [spring/spring-context.xml]
[INFO ][20180428 13:43:50,424][XmlBeanDefinitionReader:315] Loading XML bean definitions from class path resource [spring/spring-mq.xml]
[INFO ][20180428 13:43:50,602][PropertiesLoaderSupport:172] Loading properties file from class path resource [mq.properties]
[INFO ][20180428 13:43:50,653][DefaultListableBeanFactory:598] Pre-instantiating singletons in org.springframework.beans.factory.support.DefaultListableBeanFactory@7a765367: defining beans [org.springframework.context.annotation.internalConfigurationAnnotationProcessor,org.springframework.context.annotation.internalAutowiredAnnotationProcessor,org.springframework.context.annotation.internalRequiredAnnotationProcessor,org.springframework.context.annotation.internalCommonAnnotationProcessor,mqProducer,org.springframework.context.support.PropertySourcesPlaceholderConfigurer#0,org.springframework.aop.config.internalAutoProxyCreator,targetConnectionFactory,pooledConnectionFactory,connectionFactory,activeMqJmsTemplate,org.springframework.context.annotation.ConfigurationClassPostProcessor.importAwareProcessor]; root of factory hierarchy
[INFO ][20180428 13:43:51,036][SingleConnectionFactory:291] Established shared JMS Connection: PooledConnection { ConnectionPool[ActiveMQConnection {id=ID:WIN10-803191852-59631-1524894230913-1:1,clientId=null,started=false}] }
[INFO ][20180428 13:43:51,722][MQProducerTest:39] ===>System.exit
[INFO ][20180428 13:47:29,651][AbstractApplicationContext:510] Refreshing org.springframework.context.support.ClassPathXmlApplicationContext@2a17b7b6: startup date [Sat Apr 28 13:47:29 CST 2018]; root of context hierarchy
[INFO ][20180428 13:47:29,744][XmlBeanDefinitionReader:315] Loading XML bean definitions from class path resource [spring/spring-context.xml]
[INFO ][20180428 13:47:30,034][XmlBeanDefinitionReader:315] Loading XML bean definitions from class path resource [spring/spring-mq.xml]
[INFO ][20180428 13:47:30,222][PropertiesLoaderSupport:172] Loading properties file from class path resource [mq.properties]
[INFO ][20180428 13:47:30,286][DefaultListableBeanFactory:598] Pre-instantiating singletons in org.springframework.beans.factory.support.DefaultListableBeanFactory@3c73951: defining beans [org.springframework.context.annotation.internalConfigurationAnnotationProcessor,org.springframework.context.annotation.internalAutowiredAnnotationProcessor,org.springframework.context.annotation.internalRequiredAnnotationProcessor,org.springframework.context.annotation.internalCommonAnnotationProcessor,mqProducer,org.springframework.context.support.PropertySourcesPlaceholderConfigurer#0,org.springframework.aop.config.internalAutoProxyCreator,targetConnectionFactory,pooledConnectionFactory,connectionFactory,activeMqJmsTemplate,org.springframework.context.annotation.ConfigurationClassPostProcessor.importAwareProcessor]; root of factory hierarchy
[INFO ][20180428 13:47:30,682][SingleConnectionFactory:291] Established shared JMS Connection: PooledConnection { ConnectionPool[ActiveMQConnection {id=ID:WIN10-803191852-59695-1524894450549-1:1,clientId=null,started=false}] }
[INFO ][20180428 13:47:31,094][MQProducerTest:39] ===>System.exit
[INFO ][20180428 13:49:20,455][AbstractApplicationContext:510] Refreshing org.springframework.context.support.ClassPathXmlApplicationContext@7c53a9eb: startup date [Sat Apr 28 13:49:20 CST 2018]; root of context hierarchy
[INFO ][20180428 13:49:20,525][XmlBeanDefinitionReader:315] Loading XML bean definitions from class path resource [spring/spring-context.xml]
[INFO ][20180428 13:49:20,789][XmlBeanDefinitionReader:315] Loading XML bean definitions from class path resource [spring/spring-mq.xml]
[INFO ][20180428 13:49:20,953][PropertiesLoaderSupport:172] Loading properties file from class path resource [mq.properties]
[INFO ][20180428 13:49:21,009][DefaultListableBeanFactory:598] Pre-instantiating singletons in org.springframework.beans.factory.support.DefaultListableBeanFactory@7a765367: defining beans [org.springframework.context.annotation.internalConfigurationAnnotationProcessor,org.springframework.context.annotation.internalAutowiredAnnotationProcessor,org.springframework.context.annotation.internalRequiredAnnotationProcessor,org.springframework.context.annotation.internalCommonAnnotationProcessor,mqProducer,org.springframework.context.support.PropertySourcesPlaceholderConfigurer#0,org.springframework.aop.config.internalAutoProxyCreator,targetConnectionFactory,pooledConnectionFactory,connectionFactory,activeMqJmsTemplate,org.springframework.context.annotation.ConfigurationClassPostProcessor.importAwareProcessor]; root of factory hierarchy
[INFO ][20180428 13:49:21,341][SingleConnectionFactory:291] Established shared JMS Connection: PooledConnection { ConnectionPool[ActiveMQConnection {id=ID:WIN10-803191852-59720-1524894561218-1:1,clientId=null,started=false}] }
[INFO ][20180428 13:49:21,582][MQProducerTest:39] ===>System.exit
[INFO ][20180428 13:52:51,631][AbstractApplicationContext:510] Refreshing org.springframework.context.support.ClassPathXmlApplicationContext@7c53a9eb: startup date [Sat Apr 28 13:52:51 CST 2018]; root of context hierarchy
[INFO ][20180428 13:52:51,707][XmlBeanDefinitionReader:315] Loading XML bean definitions from class path resource [spring/spring-context.xml]
[INFO ][20180428 13:52:51,998][XmlBeanDefinitionReader:315] Loading XML bean definitions from class path resource [spring/spring-mq.xml]
[INFO ][20180428 13:52:52,177][PropertiesLoaderSupport:172] Loading properties file from class path resource [mq.properties]
[INFO ][20180428 13:52:52,247][DefaultListableBeanFactory:598] Pre-instantiating singletons in org.springframework.beans.factory.support.DefaultListableBeanFactory@7a765367: defining beans [org.springframework.context.annotation.internalConfigurationAnnotationProcessor,org.springframework.context.annotation.internalAutowiredAnnotationProcessor,org.springframework.context.annotation.internalRequiredAnnotationProcessor,org.springframework.context.annotation.internalCommonAnnotationProcessor,mqProducer,org.springframework.context.support.PropertySourcesPlaceholderConfigurer#0,org.springframework.aop.config.internalAutoProxyCreator,targetConnectionFactory,pooledConnectionFactory,connectionFactory,activeMqJmsTemplate,org.springframework.context.annotation.ConfigurationClassPostProcessor.importAwareProcessor]; root of factory hierarchy
[INFO ][20180428 13:52:52,617][SingleConnectionFactory:291] Established shared JMS Connection: PooledConnection { ConnectionPool[ActiveMQConnection {id=ID:WIN10-803191852-59729-1524894772493-1:1,clientId=null,started=false}] }
[INFO ][20180428 13:52:53,127][MQProducerTest:39] ===>System.exit
[INFO ][20180428 13:54:56,812][AbstractApplicationContext:510] Refreshing org.springframework.context.support.ClassPathXmlApplicationContext@7c53a9eb: startup date [Sat Apr 28 13:54:56 CST 2018]; root of context hierarchy
[INFO ][20180428 13:54:56,901][XmlBeanDefinitionReader:315] Loading XML bean definitions from class path resource [spring/spring-context.xml]
[INFO ][20180428 13:54:57,257][XmlBeanDefinitionReader:315] Loading XML bean definitions from class path resource [spring/spring-mq.xml]
[INFO ][20180428 13:54:57,466][PropertiesLoaderSupport:172] Loading properties file from class path resource [mq.properties]
[INFO ][20180428 13:54:57,529][DefaultListableBeanFactory:598] Pre-instantiating singletons in org.springframework.beans.factory.support.DefaultListableBeanFactory@7a765367: defining beans [org.springframework.context.annotation.internalConfigurationAnnotationProcessor,org.springframework.context.annotation.internalAutowiredAnnotationProcessor,org.springframework.context.annotation.internalRequiredAnnotationProcessor,org.springframework.context.annotation.internalCommonAnnotationProcessor,mqProducer,org.springframework.context.support.PropertySourcesPlaceholderConfigurer#0,org.springframework.aop.config.internalAutoProxyCreator,targetConnectionFactory,pooledConnectionFactory,connectionFactory,activeMqJmsTemplate,org.springframework.context.annotation.ConfigurationClassPostProcessor.importAwareProcessor]; root of factory hierarchy
[INFO ][20180428 13:54:57,899][SingleConnectionFactory:291] Established shared JMS Connection: PooledConnection { ConnectionPool[ActiveMQConnection {id=ID:WIN10-803191852-59735-1524894897773-1:1,clientId=null,started=false}] }
[INFO ][20180428 13:54:58,224][MQProducerTest:39] ===>System.exit
[INFO ][20180428 13:58:37,544][AbstractApplicationContext:510] Refreshing org.springframework.context.support.ClassPathXmlApplicationContext@7c53a9eb: startup date [Sat Apr 28 13:58:37 CST 2018]; root of context hierarchy
[INFO ][20180428 13:58:37,663][XmlBeanDefinitionReader:315] Loading XML bean definitions from class path resource [spring/spring-context.xml]
[INFO ][20180428 13:58:38,001][XmlBeanDefinitionReader:315] Loading XML bean definitions from class path resource [spring/spring-mq.xml]
[INFO ][20180428 13:58:38,238][PropertiesLoaderSupport:172] Loading properties file from class path resource [mq.properties]
[INFO ][20180428 13:58:38,304][DefaultListableBeanFactory:598] Pre-instantiating singletons in org.springframework.beans.factory.support.DefaultListableBeanFactory@7a765367: defining beans [org.springframework.context.annotation.internalConfigurationAnnotationProcessor,org.springframework.context.annotation.internalAutowiredAnnotationProcessor,org.springframework.context.annotation.internalRequiredAnnotationProcessor,org.springframework.context.annotation.internalCommonAnnotationProcessor,mqProducer,org.springframework.context.support.PropertySourcesPlaceholderConfigurer#0,org.springframework.aop.config.internalAutoProxyCreator,targetConnectionFactory,pooledConnectionFactory,connectionFactory,activeMqJmsTemplate,org.springframework.context.annotation.ConfigurationClassPostProcessor.importAwareProcessor]; root of factory hierarchy
[INFO ][20180428 13:58:38,697][SingleConnectionFactory:291] Established shared JMS Connection: PooledConnection { ConnectionPool[ActiveMQConnection {id=ID:WIN10-803191852-59895-1524895118569-1:1,clientId=null,started=false}] }
[INFO ][20180428 13:58:39,484][MQProducerTest:39] ===>System.exit
